0 info it worked if it ends with ok
1 verbose cli [ 'C:\\Program Files\\nodejs\\node.exe',
1 verbose cli   'C:\\Program Files\\nodejs\\node_modules\\npm\\bin\\npm-cli.js',
1 verbose cli   'run',
1 verbose cli   'start' ]
2 info using npm@3.10.10
3 info using node@v6.11.0
4 verbose run-script [ 'prestart', 'start', 'poststart' ]
5 info lifecycle react-babel-webpack@1.0.0~prestart: react-babel-webpack@1.0.0
6 silly lifecycle react-babel-webpack@1.0.0~prestart: no script for prestart, continuing
7 info lifecycle react-babel-webpack@1.0.0~start: react-babel-webpack@1.0.0
8 verbose lifecycle react-babel-webpack@1.0.0~start: unsafe-perm in lifecycle true
9 verbose lifecycle react-babel-webpack@1.0.0~start: PATH: C:\Program Files\nodejs\node_modules\npm\bin\node-gyp-bin;D:\Project\Github\react-cinspot\node_modules\.bin;D:\app\admin\oracle12c\product\12.2.0\dbhome_1\bin;C:\oraclexe\app\oracle\product\11.2.0\server\bin;;C:\ProgramData\Oracle\Java\javapath;C:\Windows\system32;C:\Windows;C:\Windows\System32\Wbem;C:\Windows\System32\WindowsPowerShell\v1.0\;C:\Program Files (x86)\Skype\Phone\;C:\Program Files\TortoiseGit\bin;C:\Program Files\Git\cmd;D:\tool\apache-maven-3.5.0\bin;C:\Program Files\nodejs\;C:\Program Files\PuTTY\;C:\Gradle\gradle-4.0\bin;C:\Program Files\cURL\bin;C:\geckodriver;C:\Program Files\Java\jdk1.7.0_79\bin;D:\DevTools\apache-maven-3.0.5\bin;C:\Program Files (x86)\Microsoft VS Code\bin;C:\Users\admin\AppData\Roaming\npm;C:\geckodriver
10 verbose lifecycle react-babel-webpack@1.0.0~start: CWD: D:\Project\Github\react-cinspot
11 silly lifecycle react-babel-webpack@1.0.0~start: Args: [ '/d /s /c', 'webpack-dev-server --open' ]
12 silly lifecycle react-babel-webpack@1.0.0~start: Returned: code: 3221225786  signal: null
13 info lifecycle react-babel-webpack@1.0.0~start: Failed to exec start script
14 verbose stack Error: react-babel-webpack@1.0.0 start: `webpack-dev-server --open`
14 verbose stack Exit status 3221225786
14 verbose stack     at EventEmitter.<anonymous> (C:\Program Files\nodejs\node_modules\npm\lib\utils\lifecycle.js:255:16)
14 verbose stack     at emitTwo (events.js:106:13)
14 verbose stack     at EventEmitter.emit (events.js:191:7)
14 verbose stack     at ChildProcess.<anonymous> (C:\Program Files\nodejs\node_modules\npm\lib\utils\spawn.js:40:14)
14 verbose stack     at emitTwo (events.js:106:13)
14 verbose stack     at ChildProcess.emit (events.js:191:7)
14 verbose stack     at maybeClose (internal/child_process.js:891:16)
14 verbose stack     at Process.ChildProcess._handle.onexit (internal/child_process.js:226:5)
15 verbose pkgid react-babel-webpack@1.0.0
16 verbose cwd D:\Project\Github\react-cinspot
17 error Windows_NT 6.1.7601
18 error argv "C:\\Program Files\\nodejs\\node.exe" "C:\\Program Files\\nodejs\\node_modules\\npm\\bin\\npm-cli.js" "run" "start"
19 error node v6.11.0
20 error npm  v3.10.10
21 error code ELIFECYCLE
22 error react-babel-webpack@1.0.0 start: `webpack-dev-server --open`
22 error Exit status 3221225786
23 error Failed at the react-babel-webpack@1.0.0 start script 'webpack-dev-server --open'.
23 error Make sure you have the latest version of node.js and npm installed.
23 error If you do, this is most likely a problem with the react-babel-webpack package,
23 error not with npm itself.
23 error Tell the author that this fails on your system:
23 error     webpack-dev-server --open
23 error You can get information on how to open an issue for this project with:
23 error     npm bugs react-babel-webpack
23 error Or if that isn't available, you can get their info via:
23 error     npm owner ls react-babel-webpack
23 error There is likely additional logging output above.
24 verbose exit [ 1, true ]
